c:\users\personal\documents\github\analisis_y_algoritmos\binarytrees\binarytrees\debug\vc141.pdb
c:\users\personal\documents\github\analisis_y_algoritmos\binarytrees\binarytrees\debug\vc141.idb
c:\users\personal\documents\github\analisis_y_algoritmos\binarytrees\binarytrees\debug\cbinarytrees.obj
c:\users\personal\documents\github\analisis_y_algoritmos\binarytrees\binarytrees\debug\source.obj
c:\users\personal\documents\github\analisis_y_algoritmos\binarytrees\debug\binarytrees.pdb
c:\users\personal\documents\github\analisis_y_algoritmos\binarytrees\binarytrees\debug\binarytrees.tlog\cl.command.1.tlog
c:\users\personal\documents\github\analisis_y_algoritmos\binarytrees\binarytrees\debug\binarytrees.tlog\cl.read.1.tlog
c:\users\personal\documents\github\analisis_y_algoritmos\binarytrees\binarytrees\debug\binarytrees.tlog\cl.write.1.tlog
c:\users\personal\documents\github\analisis_y_algoritmos\binarytrees\binarytrees\debug\binarytrees.tlog\link-cvtres.read.1.tlog
c:\users\personal\documents\github\analisis_y_algoritmos\binarytrees\binarytrees\debug\binarytrees.tlog\link-cvtres.write.1.tlog
c:\users\personal\documents\github\analisis_y_algoritmos\binarytrees\binarytrees\debug\binarytrees.tlog\link-rc.read.1.tlog
c:\users\personal\documents\github\analisis_y_algoritmos\binarytrees\binarytrees\debug\binarytrees.tlog\link-rc.write.1.tlog
c:\users\personal\documents\github\analisis_y_algoritmos\binarytrees\binarytrees\debug\binarytrees.tlog\link.23172-cvtres.read.1.tlog
c:\users\personal\documents\github\analisis_y_algoritmos\binarytrees\binarytrees\debug\binarytrees.tlog\link.23172-cvtres.write.1.tlog
c:\users\personal\documents\github\analisis_y_algoritmos\binarytrees\binarytrees\debug\binarytrees.tlog\link.23172-rc.read.1.tlog
c:\users\personal\documents\github\analisis_y_algoritmos\binarytrees\binarytrees\debug\binarytrees.tlog\link.23172-rc.write.1.tlog
c:\users\personal\documents\github\analisis_y_algoritmos\binarytrees\binarytrees\debug\binarytrees.tlog\link.23172.read.1.tlog
c:\users\personal\documents\github\analisis_y_algoritmos\binarytrees\binarytrees\debug\binarytrees.tlog\link.23172.write.1.tlog
c:\users\personal\documents\github\analisis_y_algoritmos\binarytrees\binarytrees\debug\binarytrees.tlog\link.command.1.tlog
c:\users\personal\documents\github\analisis_y_algoritmos\binarytrees\binarytrees\debug\binarytrees.tlog\link.read.1.tlog
c:\users\personal\documents\github\analisis_y_algoritmos\binarytrees\binarytrees\debug\binarytrees.tlog\link.write.1.tlog
